  Actor.cpp
  ActorComponent.cpp
  ActorPool.cpp
  ActorPoolFactory.cpp
  Animator.cpp
  AudioSource.cpp
  AudioSystem.cpp
  AudioSystem_SDL.cpp
  BoxCollider2D.cpp
  Camera.cpp
  CircleCollider2D.cpp
  Collider2D.cpp
  Debug.cpp
  GLRenderer.cpp
  GLShader.cpp
  GLTexture.cpp
  Graphic.cpp
  InputSystem.cpp
  IPoolObjectFactroy.cpp
  NoaAction.cpp
  正在编译...
  NoaEngine.cpp
  NoaGUI.cpp
  NoaMath.cpp
  NObject.cpp
  Physics.cpp
  PhysicsSystem.cpp
  Platform.cpp
  Platform_Linux.cpp
  Platform_Windows.cpp
  Renderer.cpp
  Resource.cpp
  Scene.cpp
  Screen.cpp
  SDLRenderer.cpp
  SDLTexture.cpp
  Sprite.cpp
  SpriteRenderer.cpp
  StateMachine.cpp
  Texture.cpp
  TileCollider2D.cpp
  正在编译...
  Time.cpp
  Transform.cpp
  正在生成代码
  Previous IPDB not found, fall back to full compilation.
  All 2496 functions were compiled because no usable IPDB/IOBJ from previous compilation was found.
  已完成代码的生成
  RPGExample.vcxproj -> D:\Work\NoaEngine\x64\Release\RPGExample.exe
