  Engine3D.cpp
C:\Program Files (x86)\Windows Kits\10\Include\10.0.22621.0\shared\minwindef.h(130,1): warning C4005: “APIENTRY”: 宏重定义
D:\Work\NoaEngine\packages\nupengl.core.0.1.0.1\build\native\include\GLFW\glfw3.h(92,1): message : 参见“APIENTRY”的前一个定义
  GLShader.cpp
C:\Program Files (x86)\Windows Kits\10\Include\10.0.22621.0\shared\minwindef.h(130,1): warning C4005: “APIENTRY”: 宏重定义
D:\Work\NoaEngine\packages\nupengl.core.0.1.0.1\build\native\include\GLFW\glfw3.h(92,1): message : 参见“APIENTRY”的前一个定义
  RenderColoredRect.cpp
C:\Program Files (x86)\Windows Kits\10\Include\10.0.22621.0\shared\minwindef.h(130,1): warning C4005: “APIENTRY”: 宏重定义
D:\Work\NoaEngine\packages\nupengl.core.0.1.0.1\build\native\include\GLFW\glfw3.h(92,1): message : 参见“APIENTRY”的前一个定义
  RenderRect.cpp
C:\Program Files (x86)\Windows Kits\10\Include\10.0.22621.0\shared\minwindef.h(130,1): warning C4005: “APIENTRY”: 宏重定义
D:\Work\NoaEngine\packages\nupengl.core.0.1.0.1\build\native\include\GLFW\glfw3.h(92,1): message : 参见“APIENTRY”的前一个定义
  RenderTextureRect.cpp
C:\Program Files (x86)\Windows Kits\10\Include\10.0.22621.0\shared\minwindef.h(130,1): warning C4005: “APIENTRY”: 宏重定义
D:\Work\NoaEngine\packages\nupengl.core.0.1.0.1\build\native\include\GLFW\glfw3.h(92,1): message : 参见“APIENTRY”的前一个定义
  RenderTriangle.cpp
C:\Program Files (x86)\Windows Kits\10\Include\10.0.22621.0\shared\minwindef.h(130,1): warning C4005: “APIENTRY”: 宏重定义
D:\Work\NoaEngine\packages\nupengl.core.0.1.0.1\build\native\include\GLFW\glfw3.h(92,1): message : 参见“APIENTRY”的前一个定义
  正在生成代码
  7 of 223 functions ( 3.1%) were compiled, the rest were copied from previous compilation.
    0 functions were new in current compilation
    8 functions had inline decision re-evaluated but remain unchanged
  已完成代码的生成
  NoaEngine3D.vcxproj -> D:\Work\NoaEngine\x64\Release\NoaEngine3D.exe
