d:\work\noaengine\example\example\x64\release\vc143.pdb
d:\work\noaengine\example\example\x64\release\fontasset.obj
d:\work\noaengine\example\example\x64\release\font.obj
d:\work\noaengine\example\example\x64\release\engineextension.obj
d:\work\noaengine\example\example\x64\release\engine.obj
d:\work\noaengine\example\example\x64\release\debug.obj
d:\work\noaengine\example\example\x64\release\collider2d.obj
d:\work\noaengine\example\example\x64\release\circlecollider2d.obj
d:\work\noaengine\example\example\x64\release\camera2d.obj
d:\work\noaengine\example\example\x64\release\camera.obj
d:\work\noaengine\example\example\x64\release\boxcollider2d.obj
d:\work\noaengine\example\example\x64\release\audiosystem_sdl.obj
d:\work\noaengine\example\example\x64\release\audiosystem.obj
d:\work\noaengine\example\example\x64\release\audiosource.obj
d:\work\noaengine\example\example\x64\release\application.obj
d:\work\noaengine\example\example\x64\release\animation.obj
d:\work\noaengine\example\example\x64\release\actorpoolfactory.obj
d:\work\noaengine\example\example\x64\release\actorpool.obj
d:\work\noaengine\example\example\x64\release\actormotion.obj
d:\work\noaengine\example\example\x64\release\actorcomponent.obj
d:\work\noaengine\example\example\x64\release\actor.obj
d:\work\noaengine\example\example\x64\release\scenemanager.obj
d:\work\noaengine\example\example\x64\release\scene.obj
d:\work\noaengine\example\example\x64\release\rigidbody.obj
d:\work\noaengine\example\example\x64\release\resource.obj
d:\work\noaengine\example\example\x64\release\renderer.obj
d:\work\noaengine\example\example\x64\release\platform_windows.obj
d:\work\noaengine\example\example\x64\release\platform_linux.obj
d:\work\noaengine\example\example\x64\release\platform.obj
d:\work\noaengine\example\example\x64\release\physicssystem.obj
d:\work\noaengine\example\example\x64\release\nobject.obj
d:\work\noaengine\example\example\x64\release\noamath.obj
d:\work\noaengine\example\example\x64\release\noagui.obj
d:\work\noaengine\example\example\x64\release\noaaction.obj
d:\work\noaengine\example\example\x64\release\ipoolobjectfactroy.obj
d:\work\noaengine\example\example\x64\release\iostruct.obj
d:\work\noaengine\example\example\x64\release\input.obj
d:\work\noaengine\example\example\x64\release\graphic.obj
d:\work\noaengine\example\example\x64\release\gltexture.obj
d:\work\noaengine\example\example\x64\release\glshader.obj
d:\work\noaengine\example\example\x64\release\glrenderer.obj
d:\work\noaengine\example\example\x64\release\uihub.obj
d:\work\noaengine\example\example\x64\release\uidocument.obj
d:\work\noaengine\example\example\x64\release\uicontainer.obj
d:\work\noaengine\example\example\x64\release\uicomponent.obj
d:\work\noaengine\example\example\x64\release\uibutton.obj
d:\work\noaengine\example\example\x64\release\uibody.obj
d:\work\noaengine\example\example\x64\release\transform.obj
d:\work\noaengine\example\example\x64\release\time.obj
d:\work\noaengine\example\example\x64\release\tilemaprenderer.obj
d:\work\noaengine\example\example\x64\release\tilemapinfo.obj
d:\work\noaengine\example\example\x64\release\tilemap.obj
d:\work\noaengine\example\example\x64\release\tilecollider2d.obj
d:\work\noaengine\example\example\x64\release\texture.obj
d:\work\noaengine\example\example\x64\release\statemachine.obj
d:\work\noaengine\example\example\x64\release\state.obj
d:\work\noaengine\example\example\x64\release\spriterenderer.obj
d:\work\noaengine\example\example\x64\release\sprite.obj
d:\work\noaengine\example\example\x64\release\sdltexture.obj
d:\work\noaengine\example\example\x64\release\sdlrenderer.obj
d:\work\noaengine\example\example\x64\release\screen.obj
d:\work\noaengine\example\example\x64\release\main.obj
d:\work\noaengine\example\example\x64\release\uislider.obj
d:\work\noaengine\example\example\x64\release\uiscrollbar.obj
d:\work\noaengine\example\example\x64\release\uiscript.obj
d:\work\noaengine\example\example\x64\release\uilabel.obj
d:\work\noaengine\example\example\x64\release\uiimage.obj
d:\work\noaengine\example\example\x64\release\mainmenuui.obj
d:\work\noaengine\example\example\x64\release\box.obj
d:\work\noaengine\example\example\x64\release\example.ipdb
d:\work\noaengine\example\example\x64\release\example.iobj
d:\work\noaengine\x64\release\example.pdb
d:\work\noaengine\example\example\x64\release\example.tlog\cl.command.1.tlog
d:\work\noaengine\example\example\x64\release\example.tlog\cl.items.tlog
d:\work\noaengine\example\example\x64\release\example.tlog\cl.read.1.tlog
d:\work\noaengine\example\example\x64\release\example.tlog\cl.write.1.tlog
d:\work\noaengine\example\example\x64\release\example.tlog\link.command.1.tlog
d:\work\noaengine\example\example\x64\release\example.tlog\link.read.1.tlog
d:\work\noaengine\example\example\x64\release\example.tlog\link.write.1.tlog
