  w_Wolf.cpp
D:\Work\NoaEngine\NoaEngine\core\Sprite.h(47,40): warning C4244: “参数”: 从“double”转换到“T”，可能丢失数据
          with
          [
              T=int
          ]
D:\Work\NoaEngine\NoaEngine\core\Sprite.h(47,35): warning C4244: “参数”: 从“double”转换到“T”，可能丢失数据
          with
          [
              T=int
          ]
D:\Work\NoaEngine\NoaEngine\core\Scene.h(71,56): warning C4244: “参数”: 从“double”转换到“T”，可能丢失数据
          with
          [
              T=int
          ]
D:\Work\NoaEngine\NoaEngine\core\Scene.h(71,52): warning C4244: “参数”: 从“double”转换到“T”，可能丢失数据
          with
          [
              T=int
          ]
C:\Program Files (x86)\Windows Kits\10\Include\10.0.22621.0\shared\minwindef.h(130,1): warning C4005: “APIENTRY”: 宏重定义
D:\Work\NoaEngine\NoaEngine\core\include\glad\glad.h(32,1): message : 参见“APIENTRY”的前一个定义
D:\Work\NoaEngine\NoaEngine\core\Graphic.h(26,1): warning C4005: “LOBYTE”: 宏重定义
C:\Program Files (x86)\Windows Kits\10\Include\10.0.22621.0\shared\minwindef.h(206,1): message : 参见“LOBYTE”的前一个定义
D:\Work\NoaEngine\NoaEngine\core\Graphic.h(31,1): warning C4005: “RGB”: 宏重定义
C:\Program Files (x86)\Windows Kits\10\Include\10.0.22621.0\um\wingdi.h(1859,1): message : 参见“RGB”的前一个定义
D:\Work\NoaEngine\NoaEngine\core\Graphic.h(34,1): warning C4005: “GetGValue”: 宏重定义
C:\Program Files (x86)\Windows Kits\10\Include\10.0.22621.0\um\wingdi.h(1870,1): message : 参见“GetGValue”的前一个定义
D:\Work\NoaEngine\NoaEngine\core\Physics.h(43,19): warning C4305: “初始化”: 从“double”到“float”截断
D:\Work\NoaEngine\NoaEngine\core\Physics.h(50,13): warning C4305: “初始化”: 从“double”到“float”截断
D:\Work\NoaEngine\NoaEngine\core\Camera.h(38,57): warning C4244: “参数”: 从“double”转换到“T”，可能丢失数据
          with
          [
              T=int
          ]
D:\Work\NoaEngine\NoaEngine\core\Camera.h(38,52): warning C4244: “参数”: 从“double”转换到“T”，可能丢失数据
          with
          [
              T=int
          ]
D:\Work\NoaEngine\NoaEngine\core\Camera.h(65,20): warning C4305: “初始化”: 从“double”到“float”截断
D:\Work\NoaEngine\NoaEngine\core\NoaGUI.h(29,59): warning C4244: “参数”: 从“double”转换到“T”，可能丢失数据
          with
          [
              T=int
          ]
D:\Work\NoaEngine\NoaEngine\core\NoaGUI.h(29,54): warning C4244: “参数”: 从“double”转换到“T”，可能丢失数据
          with
          [
              T=int
          ]
D:\Work\NoaEngine\NoaEngine\core\NoaGUI.h(55,43): warning C4244: “参数”: 从“double”转换到“T”，可能丢失数据
          with
          [
              T=int
          ]
D:\Work\NoaEngine\NoaEngine\core\NoaGUI.h(55,38): warning C4244: “参数”: 从“double”转换到“T”，可能丢失数据
          with
          [
              T=int
          ]
D:\Work\NoaEngine\NoaEngine\w_Wolf.cpp(166,35): warning C4244: “参数”: 从“double”转换到“T”，可能丢失数据
          with
          [
              T=int
          ]
D:\Work\NoaEngine\NoaEngine\w_Wolf.cpp(166,19): warning C4244: “参数”: 从“double”转换到“T”，可能丢失数据
          with
          [
              T=int
          ]
D:\Work\NoaEngine\NoaEngine\w_Wolf.cpp(86,29): warning C4244: “=”: 从“int”转换到“T”，可能丢失数据
          with
          [
              T=float
          ]
D:\Work\NoaEngine\NoaEngine\w_Wolf.cpp(87,29): warning C4244: “=”: 从“int”转换到“T”，可能丢失数据
          with
          [
              T=float
          ]
D:\Work\NoaEngine\NoaEngine\w_Wolf.cpp(141,45): warning C4244: “+=”: 从“double”转换到“float”，可能丢失数据
D:\Work\NoaEngine\NoaEngine\w_Wolf.cpp(153,18): warning C4244: “-=”: 从“double”转换到“Uint32”，可能丢失数据
D:\Work\NoaEngine\NoaEngine\w_Wolf.cpp(154,43): warning C4244: “参数”: 从“double”转换到“int”，可能丢失数据
D:\Work\NoaEngine\NoaEngine\w_Wolf.cpp(154,27): warning C4244: “参数”: 从“double”转换到“int”，可能丢失数据
D:\Work\NoaEngine\NoaEngine\w_Wolf.cpp(206,79): warning C4244: “参数”: 从“double”转换到“T”，可能丢失数据
          with
          [
              T=int
          ]
D:\Work\NoaEngine\NoaEngine\w_Wolf.cpp(206,75): warning C4244: “参数”: 从“double”转换到“T”，可能丢失数据
          with
          [
              T=int
          ]
D:\Work\NoaEngine\NoaEngine\core\NoaMath.h(56,31): warning C4244: “初始化”: 从“double”转换到“float”，可能丢失数据
D:\Work\NoaEngine\NoaEngine\core\NoaMath.h(50,10): message : 在编译 类 模板 成员函数“noa::Vector<float> noa::Vector<float>::Normalize(void) const”时
D:\Work\NoaEngine\NoaEngine\w_Wolf.cpp(33,7): message : 请参阅 "Enimy::Update" 中对 "noa::Vector<float>::Normalize" 的第一个引用
D:\Work\NoaEngine\NoaEngine\core\Transform.h(9,17): message : 查看对正在编译的 类 模板 实例化“noa::Vector<float>”的引用
D:\Work\NoaEngine\NoaEngine\core\NoaMath.h(56,26): warning C4244: “初始化”: 从“double”转换到“const float”，可能丢失数据
  NoaEngine.vcxproj -> D:\Work\NoaEngine\x64\Debug\NoaEngine.exe
