  Actor.cpp
D:\Work\NoaEngine\NoaEngine\core\SDLHelper.h(6,10): fatal  error C1083: 无法打开包括文件: “SDL2/SDL.h”: No such file or directory
  ActorComponent.cpp
D:\Work\NoaEngine\NoaEngine\core\SDLHelper.h(6,10): fatal  error C1083: 无法打开包括文件: “SDL2/SDL.h”: No such file or directory
  Animator.cpp
D:\Work\NoaEngine\NoaEngine\core\SDLHelper.h(6,10): fatal  error C1083: 无法打开包括文件: “SDL2/SDL.h”: No such file or directory
  Audio.cpp
D:\Work\NoaEngine\NoaEngine\core\SDLHelper.h(6,10): fatal  error C1083: 无法打开包括文件: “SDL2/SDL.h”: No such file or directory
  Camera.cpp
D:\Work\NoaEngine\NoaEngine\core\SDLHelper.h(6,10): fatal  error C1083: 无法打开包括文件: “SDL2/SDL.h”: No such file or directory
  Collider2D.cpp
D:\Work\NoaEngine\NoaEngine\core\SDLHelper.h(6,10): fatal  error C1083: 无法打开包括文件: “SDL2/SDL.h”: No such file or directory
  Debug.cpp
  GLRenderer.cpp
C:\Program Files (x86)\Windows Kits\10\Include\10.0.22621.0\shared\minwindef.h(130,1): warning C4005: “APIENTRY”: 宏重定义
D:\Work\NoaEngine\packages\nupengl.core.0.1.0.1\build\native\include\GLFW\glfw3.h(92,1): message : 参见“APIENTRY”的前一个定义
D:\Work\NoaEngine\NoaEngine\core\SDLHelper.h(6,10): fatal  error C1083: 无法打开包括文件: “SDL2/SDL.h”: No such file or directory
  GLTexture.cpp
C:\Program Files (x86)\Windows Kits\10\Include\10.0.22621.0\shared\minwindef.h(130,1): warning C4005: “APIENTRY”: 宏重定义
D:\Work\NoaEngine\packages\nupengl.core.0.1.0.1\build\native\include\GLFW\glfw3.h(92,1): message : 参见“APIENTRY”的前一个定义
  Graphic.cpp
  InputSystem.cpp
D:\Work\NoaEngine\NoaEngine\core\SDLHelper.h(6,10): fatal  error C1083: 无法打开包括文件: “SDL2/SDL.h”: No such file or directory
  NoaAction.cpp
D:\Work\NoaEngine\NoaEngine\core\SDLHelper.h(6,10): fatal  error C1083: 无法打开包括文件: “SDL2/SDL.h”: No such file or directory
  NoaEngine.cpp
D:\Work\NoaEngine\NoaEngine\core\SDLHelper.h(6,10): fatal  error C1083: 无法打开包括文件: “SDL2/SDL.h”: No such file or directory
  NoaGUI.cpp
D:\Work\NoaEngine\NoaEngine\core\SDLHelper.h(6,10): fatal  error C1083: 无法打开包括文件: “SDL2/SDL.h”: No such file or directory
  NoaMath.cpp
  Physics.cpp
D:\Work\NoaEngine\NoaEngine\core\SDLHelper.h(6,10): fatal  error C1083: 无法打开包括文件: “SDL2/SDL.h”: No such file or directory
  PhysicsSystem.cpp
D:\Work\NoaEngine\NoaEngine\core\SDLHelper.h(6,10): fatal  error C1083: 无法打开包括文件: “SDL2/SDL.h”: No such file or directory
  Platform.cpp
D:\Work\NoaEngine\NoaEngine\core\SDLHelper.h(6,10): fatal  error C1083: 无法打开包括文件: “SDL2/SDL.h”: No such file or directory
  Platform_Windows.cpp
D:\Work\NoaEngine\NoaEngine\core\SDLHelper.h(6,10): fatal  error C1083: 无法打开包括文件: “SDL2/SDL.h”: No such file or directory
  Renderer.cpp
D:\Work\NoaEngine\NoaEngine\core\SDLHelper.h(6,10): fatal  error C1083: 无法打开包括文件: “SDL2/SDL.h”: No such file or directory
  正在生成代码...
  正在编译...
  Resource.cpp
D:\Work\NoaEngine\NoaEngine\core\SDLHelper.h(6,10): fatal  error C1083: 无法打开包括文件: “SDL2/SDL.h”: No such file or directory
  Scene.cpp
D:\Work\NoaEngine\NoaEngine\core\SDLHelper.h(6,10): fatal  error C1083: 无法打开包括文件: “SDL2/SDL.h”: No such file or directory
  Sprite.cpp
D:\Work\NoaEngine\NoaEngine\core\SDLHelper.h(6,10): fatal  error C1083: 无法打开包括文件: “SDL2/SDL.h”: No such file or directory
  SpriteRenderer.cpp
D:\Work\NoaEngine\NoaEngine\core\SDLHelper.h(6,10): fatal  error C1083: 无法打开包括文件: “SDL2/SDL.h”: No such file or directory
  StateMachine.cpp
D:\Work\NoaEngine\NoaEngine\core\SDLHelper.h(6,10): fatal  error C1083: 无法打开包括文件: “SDL2/SDL.h”: No such file or directory
  Texture.cpp
D:\Work\NoaEngine\NoaEngine\core\SDLHelper.h(6,10): fatal  error C1083: 无法打开包括文件: “SDL2/SDL.h”: No such file or directory
  Time.cpp
  Transform.cpp
  Bullet.cpp
D:\Work\NoaEngine\NoaEngine\core\SDLHelper.h(6,10): fatal  error C1083: 无法打开包括文件: “SDL2/SDL.h”: No such file or directory
  Caco.cpp
D:\Work\NoaEngine\NoaEngine\core\SDLHelper.h(6,10): fatal  error C1083: 无法打开包括文件: “SDL2/SDL.h”: No such file or directory
  CacoState.cpp
D:\Work\NoaEngine\NoaEngine\core\SDLHelper.h(6,10): fatal  error C1083: 无法打开包括文件: “SDL2/SDL.h”: No such file or directory
  Enimy.cpp
D:\Work\NoaEngine\NoaEngine\core\SDLHelper.h(6,10): fatal  error C1083: 无法打开包括文件: “SDL2/SDL.h”: No such file or directory
  Gun.cpp
D:\Work\NoaEngine\NoaEngine\core\SDLHelper.h(6,10): fatal  error C1083: 无法打开包括文件: “SDL2/SDL.h”: No such file or directory
  Item.cpp
D:\Work\NoaEngine\NoaEngine\core\SDLHelper.h(6,10): fatal  error C1083: 无法打开包括文件: “SDL2/SDL.h”: No such file or directory
  Level00.cpp
D:\Work\NoaEngine\NoaEngine\core\SDLHelper.h(6,10): fatal  error C1083: 无法打开包括文件: “SDL2/SDL.h”: No such file or directory
  Level01.cpp
D:\Work\NoaEngine\NoaEngine\core\SDLHelper.h(6,10): fatal  error C1083: 无法打开包括文件: “SDL2/SDL.h”: No such file or directory
  LiveEntity.cpp
D:\Work\NoaEngine\NoaEngine\core\SDLHelper.h(6,10): fatal  error C1083: 无法打开包括文件: “SDL2/SDL.h”: No such file or directory
  M4A1.cpp
D:\Work\NoaEngine\NoaEngine\core\SDLHelper.h(6,10): fatal  error C1083: 无法打开包括文件: “SDL2/SDL.h”: No such file or directory
  main.cpp
D:\Work\NoaEngine\NoaEngine\core\SDLHelper.h(6,10): fatal  error C1083: 无法打开包括文件: “SDL2/SDL.h”: No such file or directory
  MainMenuLevel.cpp
D:\Work\NoaEngine\NoaEngine\core\SDLHelper.h(6,10): fatal  error C1083: 无法打开包括文件: “SDL2/SDL.h”: No such file or directory
  正在生成代码...
  正在编译...
  Pistol.cpp
D:\Work\NoaEngine\NoaEngine\core\SDLHelper.h(6,10): fatal  error C1083: 无法打开包括文件: “SDL2/SDL.h”: No such file or directory
  Player.cpp
D:\Work\NoaEngine\NoaEngine\core\SDLHelper.h(6,10): fatal  error C1083: 无法打开包括文件: “SDL2/SDL.h”: No such file or directory
  Shotgun.cpp
D:\Work\NoaEngine\NoaEngine\core\SDLHelper.h(6,10): fatal  error C1083: 无法打开包括文件: “SDL2/SDL.h”: No such file or directory
  WolfResource.cpp
D:\Work\NoaEngine\NoaEngine\core\SDLHelper.h(6,10): fatal  error C1083: 无法打开包括文件: “SDL2/SDL.h”: No such file or directory
  正在生成代码...
