d:\work\noaengine\noaeditor\x64\release\vc143.pdb
d:\work\noaengine\noaeditor\x64\release\inputsystem.obj
d:\work\noaengine\noaeditor\x64\release\graphic.obj
d:\work\noaengine\noaeditor\x64\release\gltexture.obj
d:\work\noaengine\noaeditor\x64\release\glshader.obj
d:\work\noaengine\noaeditor\x64\release\glrenderer.obj
d:\work\noaengine\noaeditor\x64\release\debug.obj
d:\work\noaengine\noaeditor\x64\release\collider2d.obj
d:\work\noaengine\noaeditor\x64\release\circlecollider2d.obj
d:\work\noaengine\noaeditor\x64\release\camera2d.obj
d:\work\noaengine\noaeditor\x64\release\camera.obj
d:\work\noaengine\noaeditor\x64\release\boxcollider2d.obj
d:\work\noaengine\noaeditor\x64\release\audiosystem_sdl.obj
d:\work\noaengine\noaeditor\x64\release\audiosystem.obj
d:\work\noaengine\noaeditor\x64\release\audiosource.obj
d:\work\noaengine\noaeditor\x64\release\animator.obj
d:\work\noaengine\noaeditor\x64\release\actorpoolfactory.obj
d:\work\noaengine\noaeditor\x64\release\actorpool.obj
d:\work\noaengine\noaeditor\x64\release\actormotion.obj
d:\work\noaengine\noaeditor\x64\release\actorcomponent.obj
d:\work\noaengine\noaeditor\x64\release\actor.obj
d:\work\noaengine\noaeditor\x64\release\statemachine.obj
d:\work\noaengine\noaeditor\x64\release\spriterenderer.obj
d:\work\noaengine\noaeditor\x64\release\sprite.obj
d:\work\noaengine\noaeditor\x64\release\sdltexture.obj
d:\work\noaengine\noaeditor\x64\release\sdlrenderer.obj
d:\work\noaengine\noaeditor\x64\release\screen.obj
d:\work\noaengine\noaeditor\x64\release\scene.obj
d:\work\noaengine\noaeditor\x64\release\resource.obj
d:\work\noaengine\noaeditor\x64\release\renderer.obj
d:\work\noaengine\noaeditor\x64\release\platform_windows.obj
d:\work\noaengine\noaeditor\x64\release\platform_linux.obj
d:\work\noaengine\noaeditor\x64\release\platform.obj
d:\work\noaengine\noaeditor\x64\release\physicssystem.obj
d:\work\noaengine\noaeditor\x64\release\physics.obj
d:\work\noaengine\noaeditor\x64\release\nobject.obj
d:\work\noaengine\noaeditor\x64\release\noamath.obj
d:\work\noaengine\noaeditor\x64\release\noagui.obj
d:\work\noaengine\noaeditor\x64\release\noaengine.obj
d:\work\noaengine\noaeditor\x64\release\noaaction.obj
d:\work\noaengine\noaeditor\x64\release\ipoolobjectfactroy.obj
d:\work\noaengine\noaeditor\x64\release\noaeditor.obj
d:\work\noaengine\noaeditor\x64\release\editorscenedelegate.obj
d:\work\noaengine\noaeditor\x64\release\editorcamera.obj
d:\work\noaengine\noaeditor\x64\release\transform.obj
d:\work\noaengine\noaeditor\x64\release\time.obj
d:\work\noaengine\noaeditor\x64\release\tilemaprenderer.obj
d:\work\noaengine\noaeditor\x64\release\tilecollider2d.obj
d:\work\noaengine\noaeditor\x64\release\texture.obj
d:\work\noaengine\x64\release\noaeditor.exe
d:\work\noaengine\noaeditor\x64\release\noaeditor.ipdb
d:\work\noaengine\x64\release\noaeditor.pdb
d:\work\noaengine\noaeditor\x64\release\noaeditor.iobj
d:\work\noaengine\noaeditor\x64\release\imgui.obj
d:\work\noaengine\noaeditor\x64\release\imgui_demo.obj
d:\work\noaengine\noaeditor\x64\release\imgui_draw.obj
d:\work\noaengine\noaeditor\x64\release\imgui_tables.obj
d:\work\noaengine\noaeditor\x64\release\imgui_widgets.obj
d:\work\noaengine\noaeditor\x64\release\noaeditor.tlog\cl.command.1.tlog
d:\work\noaengine\noaeditor\x64\release\noaeditor.tlog\cl.items.tlog
d:\work\noaengine\noaeditor\x64\release\noaeditor.tlog\cl.read.1.tlog
d:\work\noaengine\noaeditor\x64\release\noaeditor.tlog\cl.write.1.tlog
d:\work\noaengine\noaeditor\x64\release\noaeditor.tlog\link.command.1.tlog
d:\work\noaengine\noaeditor\x64\release\noaeditor.tlog\link.read.1.tlog
d:\work\noaengine\noaeditor\x64\release\noaeditor.tlog\link.write.1.tlog
