  Actor.cpp
  ActorComponent.cpp
  ActorPool.cpp
  ActorPoolFactory.cpp
  Animator.cpp
  Camera.cpp
  Collider2D.cpp
  NObject.cpp
  NoaEngine.cpp
  NoaGUI.cpp
  Physics.cpp
  PhysicsSystem.cpp
  Renderer.cpp
  Scene.cpp
  SpriteRenderer.cpp
  StateMachine.cpp
  Bullet.cpp
  Caco.cpp
  CacoState.cpp
  Enimy.cpp
  正在编译...
  Enter.cpp
  Gun.cpp
  Item.cpp
  Level00.cpp
  Level01.cpp
  LiveEntity.cpp
  M4A1.cpp
  MainMenuLevel.cpp
  Pistol.cpp
  Player.cpp
  Shotgun.cpp
  WolfResource.cpp
  main.cpp
LINK : warning LNK4098: 默认库“MSVCRT”与其他库的使用冲突；请使用 /NODEFAULTLIB:library
  正在生成代码
  5 of 3831 functions ( 0.1%) were compiled, the rest were copied from previous compilation.
    0 functions were new in current compilation
    3 functions had inline decision re-evaluated but remain unchanged
  已完成代码的生成
  Wolf3D.vcxproj -> D:\Work\NoaEngine\x64\Release\Wolf3D.exe
