d:\work\noaengine\supermario\x64\release\vc143.pdb
d:\work\noaengine\supermario\x64\release\physics.obj
d:\work\noaengine\supermario\x64\release\nobject.obj
d:\work\noaengine\supermario\x64\release\noamath.obj
d:\work\noaengine\supermario\x64\release\noagui.obj
d:\work\noaengine\supermario\x64\release\noaengine.obj
d:\work\noaengine\supermario\x64\release\noaaction.obj
d:\work\noaengine\supermario\x64\release\ipoolobjectfactroy.obj
d:\work\noaengine\supermario\x64\release\inputsystem.obj
d:\work\noaengine\supermario\x64\release\graphic.obj
d:\work\noaengine\supermario\x64\release\gltexture.obj
d:\work\noaengine\supermario\x64\release\glrenderer.obj
d:\work\noaengine\supermario\x64\release\debug.obj
d:\work\noaengine\supermario\x64\release\collider2d.obj
d:\work\noaengine\supermario\x64\release\camera.obj
d:\work\noaengine\supermario\x64\release\audio.obj
d:\work\noaengine\supermario\x64\release\animator.obj
d:\work\noaengine\supermario\x64\release\actorpoolfactory.obj
d:\work\noaengine\supermario\x64\release\actorpool.obj
d:\work\noaengine\supermario\x64\release\actorcomponent.obj
d:\work\noaengine\supermario\x64\release\actor.obj
d:\work\noaengine\supermario\x64\release\liveentity.obj
d:\work\noaengine\supermario\x64\release\enimy.obj
d:\work\noaengine\supermario\x64\release\bulletpool.obj
d:\work\noaengine\supermario\x64\release\bulletfactory.obj
d:\work\noaengine\supermario\x64\release\bullet.obj
d:\work\noaengine\supermario\x64\release\transform.obj
d:\work\noaengine\supermario\x64\release\time.obj
d:\work\noaengine\supermario\x64\release\texture.obj
d:\work\noaengine\supermario\x64\release\statemachine.obj
d:\work\noaengine\supermario\x64\release\spriterenderer.obj
d:\work\noaengine\supermario\x64\release\sprite.obj
d:\work\noaengine\supermario\x64\release\sdltexture.obj
d:\work\noaengine\supermario\x64\release\sdlrenderer.obj
d:\work\noaengine\supermario\x64\release\screen.obj
d:\work\noaengine\supermario\x64\release\scene.obj
d:\work\noaengine\supermario\x64\release\resource.obj
d:\work\noaengine\supermario\x64\release\renderer.obj
d:\work\noaengine\supermario\x64\release\platform_windows.obj
d:\work\noaengine\supermario\x64\release\platform.obj
d:\work\noaengine\supermario\x64\release\physicssystem.obj
d:\work\noaengine\supermario\x64\release\main.obj
d:\work\noaengine\supermario\x64\release\player.obj
d:\work\noaengine\x64\release\shootgame.exe
d:\work\noaengine\supermario\x64\release\shootgame.ipdb
d:\work\noaengine\x64\release\shootgame.pdb
d:\work\noaengine\supermario\x64\release\shootgame.iobj
d:\work\noaengine\supermario\x64\release\shootgame.tlog\cl.command.1.tlog
d:\work\noaengine\supermario\x64\release\shootgame.tlog\cl.items.tlog
d:\work\noaengine\supermario\x64\release\shootgame.tlog\cl.read.1.tlog
d:\work\noaengine\supermario\x64\release\shootgame.tlog\cl.write.1.tlog
d:\work\noaengine\supermario\x64\release\shootgame.tlog\link.command.1.tlog
d:\work\noaengine\supermario\x64\release\shootgame.tlog\link.read.1.tlog
d:\work\noaengine\supermario\x64\release\shootgame.tlog\link.write.1.tlog
