D:\Program Files\Microsoft Visual Studio\2022\Community\MSBuild\Microsoft\VC\v170\Microsoft.CppBuild.targets(531,5): warning MSB8028: 中间目录(x64\Release\)包含从另一个项目(SuperMario.vcxproj)共享的文件。   这会导致错误的清除和重新生成行为。
  Actor.cpp
  ActorComponent.cpp
  ActorPool.cpp
  ActorPoolFactory.cpp
  Animator.cpp
  Audio.cpp
  Camera.cpp
  Collider2D.cpp
  Debug.cpp
  GLRenderer.cpp
  GLTexture.cpp
  Graphic.cpp
  InputSystem.cpp
  IPoolObjectFactroy.cpp
  NoaAction.cpp
  NoaEngine.cpp
  NoaGUI.cpp
  NoaMath.cpp
  NObject.cpp
  Physics.cpp
  正在编译...
  PhysicsSystem.cpp
  Platform.cpp
  Platform_Windows.cpp
  Renderer.cpp
  Resource.cpp
  Scene.cpp
  Screen.cpp
  SDLRenderer.cpp
  SDLTexture.cpp
  Sprite.cpp
  SpriteRenderer.cpp
  StateMachine.cpp
  Texture.cpp
  Time.cpp
  Transform.cpp
  Bullet.cpp
  BulletFactory.cpp
  BulletPool.cpp
  Enimy.cpp
  LiveEntity.cpp
  正在编译...
  Player.cpp
  main.cpp
  正在生成代码
  Previous IPDB not found, fall back to full compilation.
  All 2438 functions were compiled because no usable IPDB/IOBJ from previous compilation was found.
  已完成代码的生成
  SuperMario.vcxproj -> D:\Work\NoaEngine\x64\Release\ShootGame.exe
