d:\work\noaengine\noaeditor\x64\debug\vc143.pdb
d:\work\noaengine\noaeditor\x64\debug\vc143.idb
d:\work\noaengine\noaeditor\x64\debug\camera2d.obj
d:\work\noaengine\noaeditor\x64\debug\camera.obj
d:\work\noaengine\noaeditor\x64\debug\boxcollider2d.obj
d:\work\noaengine\noaeditor\x64\debug\audiosystem_sdl.obj
d:\work\noaengine\noaeditor\x64\debug\audiosystem.obj
d:\work\noaengine\noaeditor\x64\debug\audiosource.obj
d:\work\noaengine\noaeditor\x64\debug\application.obj
d:\work\noaengine\noaeditor\x64\debug\animation.obj
d:\work\noaengine\noaeditor\x64\debug\actorpoolfactory.obj
d:\work\noaengine\noaeditor\x64\debug\actorpool.obj
d:\work\noaengine\noaeditor\x64\debug\actormotion.obj
d:\work\noaengine\noaeditor\x64\debug\actorcomponent.obj
d:\work\noaengine\noaeditor\x64\debug\actor.obj
d:\work\noaengine\noaeditor\x64\debug\imgui_widgets.obj
d:\work\noaengine\noaeditor\x64\debug\imgui_tables.obj
d:\work\noaengine\noaeditor\x64\debug\imgui_draw.obj
d:\work\noaengine\noaeditor\x64\debug\imgui_demo.obj
d:\work\noaengine\noaeditor\x64\debug\imgui.obj
d:\work\noaengine\noaeditor\x64\debug\imgui_impl_sdl2.obj
d:\work\noaengine\noaeditor\x64\debug\imgui_impl_opengl3.obj
d:\work\noaengine\noaeditor\x64\debug\platform_windows.obj
d:\work\noaengine\noaeditor\x64\debug\platform_linux.obj
d:\work\noaengine\noaeditor\x64\debug\platform.obj
d:\work\noaengine\noaeditor\x64\debug\physicssystem.obj
d:\work\noaengine\noaeditor\x64\debug\nobject.obj
d:\work\noaengine\noaeditor\x64\debug\noamath.obj
d:\work\noaengine\noaeditor\x64\debug\noagui.obj
d:\work\noaengine\noaeditor\x64\debug\noaengine.obj
d:\work\noaengine\noaeditor\x64\debug\noaaction.obj
d:\work\noaengine\noaeditor\x64\debug\ipoolobjectfactroy.obj
d:\work\noaengine\noaeditor\x64\debug\inputsystem.obj
d:\work\noaengine\noaeditor\x64\debug\graphic.obj
d:\work\noaengine\noaeditor\x64\debug\gltexture.obj
d:\work\noaengine\noaeditor\x64\debug\glshader.obj
d:\work\noaengine\noaeditor\x64\debug\glrenderer.obj
d:\work\noaengine\noaeditor\x64\debug\fontasset.obj
d:\work\noaengine\noaeditor\x64\debug\font.obj
d:\work\noaengine\noaeditor\x64\debug\debug.obj
d:\work\noaengine\noaeditor\x64\debug\collider2d.obj
d:\work\noaengine\noaeditor\x64\debug\circlecollider2d.obj
d:\work\noaengine\noaeditor\x64\debug\uibody.obj
d:\work\noaengine\noaeditor\x64\debug\transform.obj
d:\work\noaengine\noaeditor\x64\debug\time.obj
d:\work\noaengine\noaeditor\x64\debug\tilemaprenderer.obj
d:\work\noaengine\noaeditor\x64\debug\tilemapinfo.obj
d:\work\noaengine\noaeditor\x64\debug\tilemap.obj
d:\work\noaengine\noaeditor\x64\debug\tilecollider2d.obj
d:\work\noaengine\noaeditor\x64\debug\texture.obj
d:\work\noaengine\noaeditor\x64\debug\statemachine.obj
d:\work\noaengine\noaeditor\x64\debug\state.obj
d:\work\noaengine\noaeditor\x64\debug\spriterenderer.obj
d:\work\noaengine\noaeditor\x64\debug\sprite.obj
d:\work\noaengine\noaeditor\x64\debug\sdltexture.obj
d:\work\noaengine\noaeditor\x64\debug\sdlrenderer.obj
d:\work\noaengine\noaeditor\x64\debug\screen.obj
d:\work\noaengine\noaeditor\x64\debug\scenemanager.obj
d:\work\noaengine\noaeditor\x64\debug\scene.obj
d:\work\noaengine\noaeditor\x64\debug\rigidbody.obj
d:\work\noaengine\noaeditor\x64\debug\resource.obj
d:\work\noaengine\noaeditor\x64\debug\renderer.obj
d:\work\noaengine\noaeditor\x64\debug\uimove.obj
d:\work\noaengine\noaeditor\x64\debug\propertywindow.obj
d:\work\noaengine\noaeditor\x64\debug\noaeditor.obj
d:\work\noaengine\noaeditor\x64\debug\editorwindow.obj
d:\work\noaengine\noaeditor\x64\debug\editorscenedelegate.obj
d:\work\noaengine\noaeditor\x64\debug\editor.obj
d:\work\noaengine\noaeditor\x64\debug\editorcamera.obj
d:\work\noaengine\noaeditor\x64\debug\uislider.obj
d:\work\noaengine\noaeditor\x64\debug\uiscrollbar.obj
d:\work\noaengine\noaeditor\x64\debug\uiscript.obj
d:\work\noaengine\noaeditor\x64\debug\uilabel.obj
d:\work\noaengine\noaeditor\x64\debug\uiimage.obj
d:\work\noaengine\noaeditor\x64\debug\uihub.obj
d:\work\noaengine\noaeditor\x64\debug\uidocument.obj
d:\work\noaengine\noaeditor\x64\debug\uicontainer.obj
d:\work\noaengine\noaeditor\x64\debug\uicomponent.obj
d:\work\noaengine\noaeditor\x64\debug\uibutton.obj
d:\work\noaengine\noaeditor\x64\debug\editormainui.obj
d:\work\noaengine\x64\debug\noaeditor.pdb
d:\work\noaengine\noaeditor\x64\debug\noaeditor.tlog\cl.command.1.tlog
d:\work\noaengine\noaeditor\x64\debug\noaeditor.tlog\cl.read.1.tlog
d:\work\noaengine\noaeditor\x64\debug\noaeditor.tlog\cl.write.1.tlog
d:\work\noaengine\noaeditor\x64\debug\noaeditor.tlog\link-cvtres.read.1.tlog
d:\work\noaengine\noaeditor\x64\debug\noaeditor.tlog\link-cvtres.write.1.tlog
d:\work\noaengine\noaeditor\x64\debug\noaeditor.tlog\link-rc.read.1.tlog
d:\work\noaengine\noaeditor\x64\debug\noaeditor.tlog\link-rc.write.1.tlog
d:\work\noaengine\noaeditor\x64\debug\noaeditor.tlog\link.command.1.tlog
d:\work\noaengine\noaeditor\x64\debug\noaeditor.tlog\link.read.1.tlog
d:\work\noaengine\noaeditor\x64\debug\noaeditor.tlog\link.read.2.tlog
d:\work\noaengine\noaeditor\x64\debug\noaeditor.tlog\link.write.1.tlog
