d:\work\noaengine\noaengine\x64\release\vc143.pdb
d:\work\noaengine\noaengine\x64\release\transform.obj
d:\work\noaengine\noaengine\x64\release\statemachine.obj
d:\work\noaengine\noaengine\x64\release\sprite.obj
d:\work\noaengine\noaengine\x64\release\scene.obj
d:\work\noaengine\noaengine\x64\release\renderer.obj
d:\work\noaengine\noaengine\x64\release\physics.obj
d:\work\noaengine\noaengine\x64\release\noamath.obj
d:\work\noaengine\noaengine\x64\release\noagui.obj
d:\work\noaengine\noaengine\x64\release\noaengine.obj
d:\work\noaengine\noaengine\x64\release\noaaction.obj
d:\work\noaengine\noaengine\x64\release\inputsystem.obj
d:\work\noaengine\noaengine\x64\release\gameobject.obj
d:\work\noaengine\noaengine\x64\release\camera.obj
d:\work\noaengine\noaengine\x64\release\audio.obj
d:\work\noaengine\noaengine\x64\release\animator.obj
d:\work\noaengine\noaengine\x64\release\glad.obj
d:\work\noaengine\noaengine\x64\release\resource.obj
d:\work\noaengine\noaengine\x64\release\m_supermario.obj
d:\work\noaengine\noaengine\x64\release\actor.obj
d:\work\noaengine\noaengine\x64\release\actorcomponent.obj
d:\work\noaengine\noaengine\x64\release\nobject.obj
d:\work\noaengine\x64\release\noaengine.exe
d:\work\noaengine\noaengine\x64\release\noaengine.ipdb
d:\work\noaengine\x64\release\noaengine.pdb
d:\work\noaengine\noaengine\x64\release\noaengine.iobj
d:\work\noaengine\noaengine\x64\release\behaviour.obj
d:\work\noaengine\noaengine\x64\release\d_doom.obj
d:\work\noaengine\noaengine\x64\release\d_raycasthit.obj
d:\work\noaengine\noaengine\x64\release\m_mario.obj
d:\work\noaengine\noaengine\x64\release\r_retroracer.obj
d:\work\noaengine\noaengine\x64\release\w_wolf.obj
d:\work\noaengine\noaengine\x64\release\z_zelda.obj
d:\work\noaengine\noaengine\x64\release\animator.nativecodeanalysis.xml
d:\work\noaengine\noaengine\x64\release\audio.nativecodeanalysis.xml
d:\work\noaengine\noaengine\x64\release\behaviour.nativecodeanalysis.xml
d:\work\noaengine\noaengine\x64\release\d_doom.nativecodeanalysis.xml
d:\work\noaengine\noaengine\x64\release\d_raycasthit.nativecodeanalysis.xml
d:\work\noaengine\noaengine\x64\release\gameobject.nativecodeanalysis.xml
d:\work\noaengine\noaengine\x64\release\inputsystem.nativecodeanalysis.xml
d:\work\noaengine\noaengine\x64\release\m_mario.nativecodeanalysis.xml
d:\work\noaengine\noaengine\x64\release\noaengine.nativecodeanalysis.xml
d:\work\noaengine\noaengine\x64\release\noamath.nativecodeanalysis.xml
d:\work\noaengine\noaengine\x64\release\physics.nativecodeanalysis.xml
d:\work\noaengine\noaengine\x64\release\renderer.nativecodeanalysis.xml
d:\work\noaengine\noaengine\x64\release\scene.nativecodeanalysis.xml
d:\work\noaengine\noaengine\x64\release\sprite.nativecodeanalysis.xml
d:\work\noaengine\noaengine\x64\release\vc.nativecodeanalysis.all.xml
d:\work\noaengine\noaengine\x64\release\noaengine.tlog\cl.command.1.tlog
d:\work\noaengine\noaengine\x64\release\noaengine.tlog\cl.items.tlog
d:\work\noaengine\noaengine\x64\release\noaengine.tlog\cl.read.1.tlog
d:\work\noaengine\noaengine\x64\release\noaengine.tlog\cl.write.1.tlog
d:\work\noaengine\noaengine\x64\release\noaengine.tlog\link.command.1.tlog
d:\work\noaengine\noaengine\x64\release\noaengine.tlog\link.read.1.tlog
d:\work\noaengine\noaengine\x64\release\noaengine.tlog\link.write.1.tlog
