d:\work\noaengine\wolf3d\x64\release\vc143.pdb
d:\work\noaengine\wolf3d\x64\release\nobject.obj
d:\work\noaengine\wolf3d\x64\release\noamath.obj
d:\work\noaengine\wolf3d\x64\release\noagui.obj
d:\work\noaengine\wolf3d\x64\release\noaengine.obj
d:\work\noaengine\wolf3d\x64\release\noaaction.obj
d:\work\noaengine\wolf3d\x64\release\ipoolobjectfactroy.obj
d:\work\noaengine\wolf3d\x64\release\inputsystem.obj
d:\work\noaengine\wolf3d\x64\release\graphic.obj
d:\work\noaengine\wolf3d\x64\release\gltexture.obj
d:\work\noaengine\wolf3d\x64\release\glshader.obj
d:\work\noaengine\wolf3d\x64\release\glrenderer.obj
d:\work\noaengine\wolf3d\x64\release\debug.obj
d:\work\noaengine\wolf3d\x64\release\collider2d.obj
d:\work\noaengine\wolf3d\x64\release\camera.obj
d:\work\noaengine\wolf3d\x64\release\audio.obj
d:\work\noaengine\wolf3d\x64\release\animator.obj
d:\work\noaengine\wolf3d\x64\release\actorpoolfactory.obj
d:\work\noaengine\wolf3d\x64\release\actorpool.obj
d:\work\noaengine\wolf3d\x64\release\actorcomponent.obj
d:\work\noaengine\wolf3d\x64\release\actor.obj
d:\work\noaengine\wolf3d\x64\release\cacostate.obj
d:\work\noaengine\wolf3d\x64\release\caco.obj
d:\work\noaengine\wolf3d\x64\release\bullet.obj
d:\work\noaengine\wolf3d\x64\release\transform.obj
d:\work\noaengine\wolf3d\x64\release\time.obj
d:\work\noaengine\wolf3d\x64\release\texture.obj
d:\work\noaengine\wolf3d\x64\release\statemachine.obj
d:\work\noaengine\wolf3d\x64\release\spriterenderer.obj
d:\work\noaengine\wolf3d\x64\release\sprite.obj
d:\work\noaengine\wolf3d\x64\release\sdltexture.obj
d:\work\noaengine\wolf3d\x64\release\sdlrenderer.obj
d:\work\noaengine\wolf3d\x64\release\screen.obj
d:\work\noaengine\wolf3d\x64\release\scene.obj
d:\work\noaengine\wolf3d\x64\release\resource.obj
d:\work\noaengine\wolf3d\x64\release\renderer.obj
d:\work\noaengine\wolf3d\x64\release\platform_linux.obj
d:\work\noaengine\wolf3d\x64\release\platform.obj
d:\work\noaengine\wolf3d\x64\release\physicssystem.obj
d:\work\noaengine\wolf3d\x64\release\physics.obj
d:\work\noaengine\wolf3d\x64\release\wolfresource.obj
d:\work\noaengine\wolf3d\x64\release\shotgun.obj
d:\work\noaengine\wolf3d\x64\release\player.obj
d:\work\noaengine\wolf3d\x64\release\pistol.obj
d:\work\noaengine\wolf3d\x64\release\mainmenulevel.obj
d:\work\noaengine\wolf3d\x64\release\main.obj
d:\work\noaengine\wolf3d\x64\release\m4a1.obj
d:\work\noaengine\wolf3d\x64\release\liveentity.obj
d:\work\noaengine\wolf3d\x64\release\level01.obj
d:\work\noaengine\wolf3d\x64\release\level00.obj
d:\work\noaengine\wolf3d\x64\release\item.obj
d:\work\noaengine\wolf3d\x64\release\gun.obj
d:\work\noaengine\wolf3d\x64\release\enter.obj
d:\work\noaengine\wolf3d\x64\release\enimy.obj
d:\work\noaengine\wolf3d\x64\release\platform_windows.obj
d:\work\noaengine\x64\release\wolf3d.exe
d:\work\noaengine\x64\release\wolf3d.pdb
d:\work\noaengine\wolf3d\x64\release\wolf3d.iobj
d:\work\noaengine\wolf3d\x64\release\wolf3d.ipdb
d:\work\noaengine\wolf3d\x64\release\wolf3d.tlog\cl.command.1.tlog
d:\work\noaengine\wolf3d\x64\release\wolf3d.tlog\cl.items.tlog
d:\work\noaengine\wolf3d\x64\release\wolf3d.tlog\cl.read.1.tlog
d:\work\noaengine\wolf3d\x64\release\wolf3d.tlog\cl.write.1.tlog
d:\work\noaengine\wolf3d\x64\release\wolf3d.tlog\link.command.1.tlog
d:\work\noaengine\wolf3d\x64\release\wolf3d.tlog\link.read.1.tlog
d:\work\noaengine\wolf3d\x64\release\wolf3d.tlog\link.write.1.tlog
