  TileCollider2D.cpp
D:\Work\NoaEngine\NoaEngine\NoaEngine\TileCollider2D.cpp(123,53): warning C4244: “初始化”: 从“T”转换到“int”，可能丢失数据
          with
          [
              T=float
          ]
D:\Work\NoaEngine\NoaEngine\NoaEngine\TileCollider2D.cpp(123,19): warning C4244: “初始化”: 从“T”转换到“const int”，可能丢失数据
          with
          [
              T=float
          ]
D:\Work\NoaEngine\NoaEngine\NoaEngine\TileCollider2D.cpp(154,53): warning C4244: “初始化”: 从“T”转换到“int”，可能丢失数据
          with
          [
              T=float
          ]
D:\Work\NoaEngine\NoaEngine\NoaEngine\TileCollider2D.cpp(154,19): warning C4244: “初始化”: 从“T”转换到“const int”，可能丢失数据
          with
          [
              T=float
          ]
D:\Work\NoaEngine\NoaEngine\NoaEngine\TileCollider2D.cpp(181,16): warning C4244: “初始化”: 从“int”转换到“float”，可能丢失数据
D:\Work\NoaEngine\NoaEngine\NoaEngine\TileCollider2D.cpp(182,16): warning C4244: “初始化”: 从“int”转换到“float”，可能丢失数据
D:\Work\NoaEngine\NoaEngine\NoaEngine\TileCollider2D.cpp(183,16): warning C4244: “初始化”: 从“int”转换到“float”，可能丢失数据
D:\Work\NoaEngine\NoaEngine\NoaEngine\TileCollider2D.cpp(184,16): warning C4244: “初始化”: 从“int”转换到“float”，可能丢失数据
D:\Work\NoaEngine\NoaEngine\NoaEngine\TileCollider2D.cpp(225,30): warning C4244: “=”: 从“int”转换到“float”，可能丢失数据
D:\Work\NoaEngine\NoaEngine\NoaEngine\TileCollider2D.cpp(243,30): warning C4244: “=”: 从“int”转换到“float”，可能丢失数据
D:\Work\NoaEngine\NoaEngine\NoaEngine\TileCollider2D.cpp(260,30): warning C4244: “=”: 从“int”转换到“float”，可能丢失数据
  正在生成代码
  7 of 4034 functions ( 0.2%) were compiled, the rest were copied from previous compilation.
    0 functions were new in current compilation
    1 functions had inline decision re-evaluated but remain unchanged
  已完成代码的生成
  Shooter-Example2D.vcxproj -> D:\Work\NoaEngine\x64\Release\Shooter-Example2D.exe
